<?xml version="1.0" encoding="UTF-8"?>
<testsuite xmlns:xsi="http://www.w3.org/2001/XMLSchema-instance" xsi:noNamespaceSchemaLocation="https://maven.apache.org/surefire/maven-failsafe-plugin/xsd/failsafe-test-report-3.0.xsd" version="3.0" name="de.m3y.prometheus.exporter.fsimage.WebServerIT" time="1.462" tests="1" errors="0" skipped="0" failures="0">
  <properties>
[...]
</properties>
  <testcase name="testMetrics" classname="de.m3y.prometheus.exporter.fsimage.WebServerIT" time="1.458">
    <system-out><![CDATA[0 [main] INFO  de.m3y.prometheus.exporter.fsimage.WebServer  - FSImage exporter started and listening on http://localhost:9709
168 [pool-4-thread-1] INFO  org.apache.hadoop.hdfs.server.namenode.FSDirectory  - GLOBAL serial map: bits=29 maxEntries=536870911
168 [pool-4-thread-1] INFO  org.apache.hadoop.hdfs.server.namenode.FSDirectory  - USER serial map: bits=24 maxEntries=16777215
168 [pool-4-thread-1] INFO  org.apache.hadoop.hdfs.server.namenode.FSDirectory  - GROUP serial map: bits=24 maxEntries=16777215
169 [pool-4-thread-1] INFO  org.apache.hadoop.hdfs.server.namenode.FSDirectory  - XATTR serial map: bits=24 maxEntries=16777215
279 [pool-4-thread-1] INFO  de.m3y.prometheus.exporter.fsimage.FsImageUpdateHandler  - Loaded /root/fsimage-exporter-artifact/src/test/resources/fsimage_0001 with 0.0MiB in 252ms
306 [pool-4-thread-1] INFO  de.m3y.prometheus.exporter.fsimage.FsImageReporter  - Finished computing overall/group/user stats in 15ms
313 [pool-4-thread-1] INFO  de.m3y.prometheus.exporter.fsimage.FsImageReporter  - Base path for /tmp is /
314 [pool-4-thread-1] INFO  de.m3y.prometheus.exporter.fsimage.FsImageReporter  - Base path for /datalake/a.* is /datalake/
316 [pool-4-thread-1] INFO  de.m3y.prometheus.exporter.fsimage.FsImageReporter  - Base path for /user/m.* is /user/
317 [pool-4-thread-1] INFO  de.m3y.prometheus.exporter.fsimage.FsImageReporter  - Expanded paths [/datalake/asset3, /datalake/asset1, /datalake/asset2, /user/mm] for path stats [/tmp, /datalake/a.*, /user/m.*]
320 [pool-4-thread-1] INFO  de.m3y.prometheus.exporter.fsimage.FsImageReporter  - Finished 4 path stats in 3ms
321 [ForkJoinPool.commonPool-worker-1] INFO  de.m3y.prometheus.exporter.fsimage.FsImageReporter  - Base path for /user/foo is /user/
322 [ForkJoinPool.commonPool-worker-1] INFO  de.m3y.prometheus.exporter.fsimage.FsImageReporter  - Expanded paths [/datalake/asset3, /user/mm] for path set stats userMmAndFooAndAsset1
323 [pool-4-thread-1] INFO  de.m3y.prometheus.exporter.fsimage.FsImageReporter  - Expanded paths [/datalake/asset1, /datalake/asset2] for path set stats datalakeAsset1and2
324 [pool-4-thread-1] INFO  de.m3y.prometheus.exporter.fsimage.FsImageReporter  - Finished 2 path set stats in 4ms
]]></system-out>
    <system-err><![CDATA[SLF4J: Class path contains multiple SLF4J bindings.
SLF4J: Found binding in [jar:file:/root/fsimage-exporter-artifact/target/fsimage-exporter-1.5-SNAPSHOT.jar!/org/slf4j/impl/StaticLoggerBinder.class]
SLF4J: Found binding in [jar:file:/root/.m2/repository/org/slf4j/slf4j-reload4j/1.7.36/slf4j-reload4j-1.7.36.jar!/org/slf4j/impl/StaticLoggerBinder.class]
SLF4J: See http://www.slf4j.org/codes.html#multiple_bindings for an explanation.
SLF4J: Actual binding is of type [org.slf4j.impl.Reload4jLoggerFactory]
]]></system-err>
  </testcase>
</testsuite>